
------------------------------
2022-02-28 21:18:39 INC:
dec/1.png not found.
dec/1.png not found.
dec/1.png not found.
dec/1.png not found.
dec/1.png not found.
inc/2.png not found.
inc/3.png not found.
inc/4.png not found.
inc/5.png not found.
inc/6.png not found.
inc/7.png not found.
inc/8.png not found.
inc/9.png not found.
inc/10.png not found.
inc/11.png not found.
inc/12.png not found.

------------------------------
2022-02-28 21:21:01 DEC:
dec/1.png not found.
dec/1.png not found.
dec/1.png not found.
dec/1.png not found.
dec/1.png not found.
dec/2.png not found.
dec/3.png not found.
dec/4.png not found.
dec/5.png not found.
dec/6.png not found.
dec/7.png not found.
dec/8.png not found.
dec/9.png not found.
dec/10.png not found.
